Command line:
   tb_mpx_isim_beh.exe
     -simmode  gui
     -simrunnum  0
     -socket  53574

Wed Apr 27 16:14:14 2016


 Elaboration Time: 0.046875 sec

 Current Memory Usage: 840.172 Meg

 Total Signals          : 8
 Total Nets             : 97
 Total Signal Drivers   : 4
 Total Blocks           : 3
 Total Primitive Blocks : 2
 Total Processes        : 2
 Total Traceable Variables  : 8
 Total Scalar Nets and Variables : 457
Total Line Count : 13

 Total Simulation Time: 0.046875 sec

 Current Memory Usage: 840.172 Meg

Wed Apr 27 16:14:29 2016

