Release 14.7 - xst P.20131013 (nt64)
Copyright (c) 1995-2013 Xilinx, Inc.  All rights reserved.
--> Parameter TMPDIR set to xst/projnav.tmp


Total REAL time to Xst completion: 0.00 secs
Total CPU time to Xst completion: 0.15 secs
 
--> Parameter xsthdpdir set to xst


Total REAL time to Xst completion: 0.00 secs
Total CPU time to Xst completion: 0.16 secs
 
--> Reading design: prosesador.prj

TABLE OF CONTENTS
  1) Synthesis Options Summary
  2) HDL Compilation
  3) Design Hierarchy Analysis
  4) HDL Analysis
  5) HDL Synthesis
     5.1) HDL Synthesis Report
  6) Advanced HDL Synthesis
     6.1) Advanced HDL Synthesis Report
  7) Low Level Synthesis
  8) Partition Report
  9) Final Report
	9.1) Device utilization summary
	9.2) Partition Resource Summary
	9.3) TIMING REPORT


=========================================================================
*                      Synthesis Options Summary                        *
=========================================================================
---- Source Parameters
Input File Name                    : "prosesador.prj"
Input Format                       : mixed
Ignore Synthesis Constraint File   : NO

---- Target Parameters
Output File Name                   : "prosesador"
Output Format                      : NGC
Target Device                      : xc3s500e-5-fg320

---- Source Options
Top Module Name                    : prosesador
Automatic FSM Extraction           : YES
FSM Encoding Algorithm             : Auto
Safe Implementation                : No
FSM Style                          : LUT
RAM Extraction                     : Yes
RAM Style                          : Auto
ROM Extraction                     : Yes
Mux Style                          : Auto
Decoder Extraction                 : YES
Priority Encoder Extraction        : Yes
Shift Register Extraction          : YES
Logical Shifter Extraction         : YES
XOR Collapsing                     : YES
ROM Style                          : Auto
Mux Extraction                     : Yes
Resource Sharing                   : YES
Asynchronous To Synchronous        : NO
Multiplier Style                   : Auto
Automatic Register Balancing       : No

---- Target Options
Add IO Buffers                     : YES
Global Maximum Fanout              : 100000
Add Generic Clock Buffer(BUFG)     : 24
Register Duplication               : YES
Slice Packing                      : YES
Optimize Instantiated Primitives   : NO
Use Clock Enable                   : Yes
Use Synchronous Set                : Yes
Use Synchronous Reset              : Yes
Pack IO Registers into IOBs        : Auto
Equivalent register Removal        : YES

---- General Options
Optimization Goal                  : Speed
Optimization Effort                : 1
Keep Hierarchy                     : No
Netlist Hierarchy                  : As_Optimized
RTL Output                         : Yes
Global Optimization                : AllClockNets
Read Cores                         : YES
Write Timing Constraints           : NO
Cross Clock Analysis               : NO
Hierarchy Separator                : /
Bus Delimiter                      : <>
Case Specifier                     : Maintain
Slice Utilization Ratio            : 100
BRAM Utilization Ratio             : 100
Verilog 2001                       : YES
Auto BRAM Packing                  : NO
Slice Utilization Ratio Delta      : 5

=========================================================================


=========================================================================
*                          HDL Compilation                              *
=========================================================================
Compiling vhdl file "C:/Users/carlos/Desktop/procesador/prosesador1/sum.vhd" in Library work.
Architecture behavioral of Entity sum is up to date.
Compiling vhdl file "C:/Users/carlos/Desktop/procesador/prosesador1/npc.vhd" in Library work.
Architecture behavioral of Entity npc is up to date.
Compiling vhdl file "C:/Users/carlos/Desktop/procesador/prosesador1/im.vhd" in Library work.
Architecture behavioral of Entity im is up to date.
Compiling vhdl file "C:/Users/carlos/Desktop/procesador/prosesador1/cu.vhd" in Library work.
Architecture behavioral of Entity cu is up to date.
Compiling vhdl file "C:/Users/carlos/Desktop/procesador/prosesador1/rf.vhd" in Library work.
Architecture behavioral of Entity rf is up to date.
Compiling vhdl file "C:/Users/carlos/Desktop/procesador/prosesador1/mpx.vhd" in Library work.
Architecture behavioral of Entity mpx is up to date.
Compiling vhdl file "C:/Users/carlos/Desktop/procesador/prosesador1/seu.vhd" in Library work.
Architecture behavioral of Entity seu is up to date.
Compiling vhdl file "C:/Users/carlos/Desktop/procesador/prosesador1/alu.vhd" in Library work.
Architecture behavioral of Entity alu is up to date.
Compiling vhdl file "C:/Users/carlos/Desktop/procesador/prosesador1/prosesador.vhd" in Library work.
Architecture arq_procesador of Entity prosesador is up to date.

=========================================================================
*                     Design Hierarchy Analysis                         *
=========================================================================
Analyzing hierarchy for entity <prosesador> in library <work> (architecture <arq_procesador>).

Analyzing hierarchy for entity <sum> in library <work> (architecture <behavioral>).

Analyzing hierarchy for entity <npc> in library <work> (architecture <behavioral>).

Analyzing hierarchy for entity <im> in library <work> (architecture <behavioral>).
ERROR:Xst:1927 - "C:/Users/carlos/Desktop/procesador/prosesador1/im.vhd" line 50: Readline passed end of file on file <RomFile>.
ERROR:Xst:1923 - "C:/Users/carlos/Desktop/procesador/prosesador1/im.vhd" line 51: Line <RomFileLine> has not enough elements for target <temp_bv>.
INTERNAL_ERROR:Xst:cmain.c:3464:1.56 -  Process will terminate. For technical support on this issue, please open a WebCase with this project attached at http://www.xilinx.com/support.  
